{"level":"info","time":"2026-03-03T13:30:44.791+0800","line":"/Users/wangpeng/Workspace/MiniStableLend/backend/dao/mysql.go:16","msg":"init mysql","serviceName":"minilend"}
{"level":"info","time":"2026-03-03T13:30:48.980+0800","line":"/Users/wangpeng/Workspace/MiniStableLend/backend/models/kucoin/kucoin.go:21","msg":"GetExchangePrice ","serviceName":"minilend"}
{"level":"info","time":"2026-03-03T13:30:45.516+0800","line":"/Users/wangpeng/Workspace/MiniStableLend/backend/models/ws/ws.go:118","msg":"WsServer start","serviceName":"minilend"}
{"level":"error","time":"2026-03-03T13:30:48.998+0800","line":"/Users/wangpeng/Workspace/MiniStableLend/backend/models/kucoin/kucoin.go:26","msg":"get musd price from redis err redigo: nil returned","serviceName":"minilend"}
{"level":"error","time":"2026-03-03T13:31:19.000+0800","line":"/Users/wangpeng/Workspace/MiniStableLend/backend/models/kucoin/kucoin.go:40","msg":"Post \"https://api.kucoin.com/api/v1/bullet-public\": context deadline exceeded (Client.Timeout exceeded while awaiting headers)","serviceName":"minilend"}
{"level":"error","time":"2026-03-03T14:04:57.357+0800","line":"/Users/wangpeng/Workspace/MiniStableLend/backend/api/handler/price_hander.go:41","msg":"websocket request err:websocket: the client is not using the websocket protocol: 'upgrade' token not found in 'Connection' header","serviceName":"minilend"}
{"level":"info","time":"2026-03-03T14:05:27.421+0800","line":"/Users/wangpeng/Workspace/MiniStableLend/backend/dao/mysql.go:16","msg":"init mysql","serviceName":"minilend"}
{"level":"info","time":"2026-03-03T14:05:27.925+0800","line":"/Users/wangpeng/Workspace/MiniStableLend/backend/models/ws/ws.go:118","msg":"WsServer start","serviceName":"minilend"}
{"level":"info","time":"2026-03-03T14:05:27.925+0800","line":"/Users/wangpeng/Workspace/MiniStableLend/backend/models/kucoin/kucoin.go:21","msg":"GetExchangePrice ","serviceName":"minilend"}
{"level":"error","time":"2026-03-03T14:05:31.936+0800","line":"/Users/wangpeng/Workspace/MiniStableLend/backend/models/kucoin/kucoin.go:26","msg":"get musd price from redis err redigo: nil returned","serviceName":"minilend"}
{"level":"error","time":"2026-03-03T14:05:39.367+0800","line":"/Users/wangpeng/Workspace/MiniStableLend/backend/api/handler/price_hander.go:41","msg":"websocket request err:websocket: the client is not using the websocket protocol: 'upgrade' token not found in 'Connection' header","serviceName":"minilend"}
{"level":"error","time":"2026-03-03T14:06:01.940+0800","line":"/Users/wangpeng/Workspace/MiniStableLend/backend/models/kucoin/kucoin.go:40","msg":"Post \"https://api.kucoin.com/api/v1/bullet-public\": context deadline exceeded (Client.Timeout exceeded while awaiting headers)","serviceName":"minilend"}
{"level":"info","time":"2026-03-03T14:10:01.782+0800","line":"/Users/wangpeng/Workspace/MiniStableLend/backend/dao/mysql.go:16","msg":"init mysql","serviceName":"minilend"}
{"level":"info","time":"2026-03-03T14:10:02.161+0800","line":"/Users/wangpeng/Workspace/MiniStableLend/backend/models/kucoin/kucoin.go:21","msg":"GetExchangePrice ","serviceName":"minilend"}
{"level":"info","time":"2026-03-03T14:10:02.161+0800","line":"/Users/wangpeng/Workspace/MiniStableLend/backend/models/ws/ws.go:118","msg":"WsServer start","serviceName":"minilend"}
{"level":"error","time":"2026-03-03T14:10:02.163+0800","line":"/Users/wangpeng/Workspace/MiniStableLend/backend/models/kucoin/kucoin.go:26","msg":"get musd price from redis err redigo: nil returned","serviceName":"minilend"}
{"level":"error","time":"2026-03-03T14:10:32.214+0800","line":"/Users/wangpeng/Workspace/MiniStableLend/backend/models/kucoin/kucoin.go:40","msg":"Post \"https://api.kucoin.com/api/v1/bullet-public\": context deadline exceeded (Client.Timeout exceeded while awaiting headers)","serviceName":"minilend"}
{"level":"info","time":"2026-03-03T17:08:26.476+0800","line":"/Users/wangpeng/Workspace/MiniStableLend/backend/dao/mysql.go:16","msg":"init mysql","serviceName":"minilend"}
{"level":"info","time":"2026-03-03T17:08:26.886+0800","line":"/Users/wangpeng/Workspace/MiniStableLend/backend/models/kucoin/kucoin.go:21","msg":"GetExchangePrice ","serviceName":"minilend"}
{"level":"info","time":"2026-03-03T17:08:26.886+0800","line":"/Users/wangpeng/Workspace/MiniStableLend/backend/models/ws/ws.go:118","msg":"WsServer start","serviceName":"minilend"}
{"level":"error","time":"2026-03-03T17:08:26.889+0800","line":"/Users/wangpeng/Workspace/MiniStableLend/backend/models/kucoin/kucoin.go:26","msg":"get musd price from redis err redigo: nil returned","serviceName":"minilend"}
{"level":"error","time":"2026-03-03T17:08:56.892+0800","line":"/Users/wangpeng/Workspace/MiniStableLend/backend/models/kucoin/kucoin.go:40","msg":"Post \"https://api.kucoin.com/api/v1/bullet-public\": dial tcp 31.13.94.10:443: i/o timeout (Client.Timeout exceeded while awaiting headers)","serviceName":"minilend"}
{"level":"info","time":"2026-03-03T17:36:07.813+0800","line":"/Users/wangpeng/Workspace/MiniStableLend/backend/dao/mysql.go:16","msg":"init mysql","serviceName":"minilend"}
{"level":"info","time":"2026-03-03T17:36:08.172+0800","line":"/Users/wangpeng/Workspace/MiniStableLend/backend/models/kucoin/kucoin.go:21","msg":"GetExchangePrice ","serviceName":"minilend"}
{"level":"info","time":"2026-03-03T17:36:08.172+0800","line":"/Users/wangpeng/Workspace/MiniStableLend/backend/models/ws/ws.go:118","msg":"WsServer start","serviceName":"minilend"}
{"level":"error","time":"2026-03-03T17:36:08.175+0800","line":"/Users/wangpeng/Workspace/MiniStableLend/backend/models/kucoin/kucoin.go:26","msg":"get musd price from redis err redigo: nil returned","serviceName":"minilend"}
{"level":"error","time":"2026-03-03T17:36:44.258+0800","line":"/Users/wangpeng/Workspace/MiniStableLend/backend/models/kucoin/kucoin.go:40","msg":"Post \"https://api.kucoin.com/api/v1/bullet-public\": context deadline exceeded (Client.Timeout exceeded while awaiting headers)","serviceName":"minilend"}
{"level":"info","time":"2026-03-03T17:41:15.962+0800","line":"/Users/wangpeng/Workspace/MiniStableLend/backend/dao/mysql.go:16","msg":"init mysql","serviceName":"minilend"}
{"level":"info","time":"2026-03-03T17:41:16.302+0800","line":"/Users/wangpeng/Workspace/MiniStableLend/backend/models/ws/ws.go:118","msg":"WsServer start","serviceName":"minilend"}
{"level":"info","time":"2026-03-03T17:41:16.303+0800","line":"/Users/wangpeng/Workspace/MiniStableLend/backend/models/kucoin/kucoin.go:21","msg":"GetExchangePrice ","serviceName":"minilend"}
{"level":"error","time":"2026-03-03T17:41:16.305+0800","line":"/Users/wangpeng/Workspace/MiniStableLend/backend/models/kucoin/kucoin.go:26","msg":"get musd price from redis err redigo: nil returned","serviceName":"minilend"}
{"level":"info","time":"2026-03-03T17:41:44.279+0800","line":"/Users/wangpeng/Workspace/MiniStableLend/backend/dao/mysql.go:16","msg":"init mysql","serviceName":"minilend"}
{"level":"info","time":"2026-03-03T17:41:44.476+0800","line":"/Users/wangpeng/Workspace/MiniStableLend/backend/models/ws/ws.go:118","msg":"WsServer start","serviceName":"minilend"}
{"level":"info","time":"2026-03-03T17:41:44.476+0800","line":"/Users/wangpeng/Workspace/MiniStableLend/backend/models/kucoin/kucoin.go:21","msg":"GetExchangePrice ","serviceName":"minilend"}
{"level":"info","time":"2026-03-03T17:43:53.747+0800","line":"/Users/wangpeng/Workspace/MiniStableLend/backend/dao/mysql.go:16","msg":"init mysql","serviceName":"minilend"}
{"level":"info","time":"2026-03-03T17:43:54.045+0800","line":"/Users/wangpeng/Workspace/MiniStableLend/backend/models/ws/ws.go:118","msg":"WsServer start","serviceName":"minilend"}
{"level":"info","time":"2026-03-03T17:43:54.045+0800","line":"/Users/wangpeng/Workspace/MiniStableLend/backend/models/kucoin/kucoin.go:21","msg":"GetExchangePrice ","serviceName":"minilend"}
{"level":"error","time":"2026-03-03T17:43:59.108+0800","line":"/Users/wangpeng/Workspace/MiniStableLend/backend/models/kucoin/kucoin.go:26","msg":"get musd price from redis err redigo: nil returned","serviceName":"minilend"}
{"level":"info","time":"2026-03-03T17:44:30.324+0800","line":"/Users/wangpeng/Workspace/MiniStableLend/backend/dao/mysql.go:16","msg":"init mysql","serviceName":"minilend"}
{"level":"info","time":"2026-03-03T17:44:30.893+0800","line":"/Users/wangpeng/Workspace/MiniStableLend/backend/models/ws/ws.go:118","msg":"WsServer start","serviceName":"minilend"}
{"level":"info","time":"2026-03-03T17:44:30.893+0800","line":"/Users/wangpeng/Workspace/MiniStableLend/backend/models/kucoin/kucoin.go:21","msg":"GetExchangePrice ","serviceName":"minilend"}
{"level":"error","time":"2026-03-03T17:44:42.077+0800","line":"/Users/wangpeng/Workspace/MiniStableLend/backend/models/kucoin/kucoin.go:26","msg":"get musd price from redis err redigo: nil returned","serviceName":"minilend"}
{"level":"info","time":"2026-03-03T17:47:31.022+0800","line":"/Users/wangpeng/Workspace/MiniStableLend/backend/dao/mysql.go:16","msg":"init mysql","serviceName":"minilend"}
{"level":"info","time":"2026-03-03T17:47:31.257+0800","line":"/Users/wangpeng/Workspace/MiniStableLend/backend/models/ws/ws.go:118","msg":"WsServer start","serviceName":"minilend"}
{"level":"info","time":"2026-03-03T17:47:31.257+0800","line":"/Users/wangpeng/Workspace/MiniStableLend/backend/models/kucoin/kucoin.go:21","msg":"GetExchangePrice ","serviceName":"minilend"}
{"level":"error","time":"2026-03-03T17:47:34.088+0800","line":"/Users/wangpeng/Workspace/MiniStableLend/backend/models/kucoin/kucoin.go:26","msg":"get musd price from redis err redigo: nil returned","serviceName":"minilend"}
{"level":"error","time":"2026-03-03T17:48:04.091+0800","line":"/Users/wangpeng/Workspace/MiniStableLend/backend/models/kucoin/kucoin.go:40","msg":"Post \"https://api.kucoin.com/api/v1/bullet-public\": context deadline exceeded (Client.Timeout exceeded while awaiting headers)","serviceName":"minilend"}
{"level":"info","time":"2026-03-04T09:43:08.712+0800","line":"/Users/wangpeng/Workspace/MiniStableLend/backend/dao/mysql.go:16","msg":"init mysql","serviceName":"minilend"}
{"level":"info","time":"2026-03-04T09:43:09.089+0800","line":"/Users/wangpeng/Workspace/MiniStableLend/backend/models/ws/ws.go:118","msg":"WsServer start","serviceName":"minilend"}
{"level":"info","time":"2026-03-04T09:43:09.089+0800","line":"/Users/wangpeng/Workspace/MiniStableLend/backend/models/kucoin/kucoin.go:21","msg":"GetExchangePrice ","serviceName":"minilend"}
{"level":"error","time":"2026-03-04T09:43:27.767+0800","line":"/Users/wangpeng/Workspace/MiniStableLend/backend/models/kucoin/kucoin.go:26","msg":"get musd price from redis err redigo: nil returned","serviceName":"minilend"}
{"level":"info","time":"2026-03-04T09:52:04.758+0800","line":"/Users/wangpeng/Workspace/MiniStableLend/backend/dao/mysql.go:16","msg":"init mysql","serviceName":"minilend"}
{"level":"info","time":"2026-03-04T09:52:05.088+0800","line":"/Users/wangpeng/Workspace/MiniStableLend/backend/models/kucoin/kucoin.go:21","msg":"GetExchangePrice ","serviceName":"minilend"}
{"level":"info","time":"2026-03-04T09:52:05.088+0800","line":"/Users/wangpeng/Workspace/MiniStableLend/backend/models/ws/ws.go:118","msg":"WsServer start","serviceName":"minilend"}
{"level":"error","time":"2026-03-04T09:52:05.091+0800","line":"/Users/wangpeng/Workspace/MiniStableLend/backend/models/kucoin/kucoin.go:26","msg":"get musd price from redis err redigo: nil returned","serviceName":"minilend"}
{"level":"error","time":"2026-03-04T09:52:35.093+0800","line":"/Users/wangpeng/Workspace/MiniStableLend/backend/models/kucoin/kucoin.go:40","msg":"Post \"https://api.kucoin.com/api/v1/bullet-public\": context deadline exceeded (Client.Timeout exceeded while awaiting headers)","serviceName":"minilend"}
